This file contains any messages produced by compilers while
running configure, to aid debugging if configure makes a mistake.

It was created by o2scl configure 0.916, which was
generated by GNU Autoconf 2.69.  Invocation command line was

  $ ./configure --prefix=/Users/Kyle/local/

## --------- ##
## Platform. ##
## --------- ##

hostname = ip0af513a0.int.uvm.edu
uname -m = x86_64
uname -r = 13.3.0
uname -s = Darwin
uname -v = Darwin Kernel Version 13.3.0: Tue Jun  3 21:27:35 PDT 2014; root:xnu-2422.110.17~1/RELEASE_X86_64

/usr/bin/uname -p = i386
/bin/uname -X     = unknown

/bin/arch              = unknown
/usr/bin/arch -k       = unknown
/usr/convex/getsysinfo = unknown
/usr/bin/hostinfo      = Mach kernel version:
	 Darwin Kernel Version 13.3.0: Tue Jun  3 21:27:35 PDT 2014; root:xnu-2422.110.17~1/RELEASE_X86_64
Kernel configured for up to 8 processors.
4 processors are physically available.
8 processors are logically available.
Processor type: i486 (Intel 80486)
Processors active: 0 1 2 3 4 5 6 7
Primary memory available: 16.00 gigabytes
Default processor set: 179 tasks, 870 threads, 8 processors
Load average: 1.45, Mach factor: 6.53
/bin/machine           = unknown
/usr/bin/oslevel       = unknown
/bin/universe          = unknown

PATH: /opt/local/bin
PATH: /opt/local/sbin
PATH: /usr/bin
PATH: /bin
PATH: /usr/sbin
PATH: /sbin
PATH: /usr/local/bin
PATH: /opt/X11/bin
PATH: /usr/texbin


## ----------- ##
## Core tests. ##
## ----------- ##

configure:2481: checking for a BSD-compatible install
configure:2549: result: /usr/bin/install -c
configure:2560: checking whether build environment is sane
configure:2615: result: yes
configure:2766: checking for a thread-safe mkdir -p
configure:2805: result: ./install-sh -c -d
configure:2812: checking for gawk
configure:2842: result: no
configure:2812: checking for mawk
configure:2842: result: no
configure:2812: checking for nawk
configure:2842: result: no
configure:2812: checking for awk
configure:2828: found /usr/bin/awk
configure:2839: result: awk
configure:2850: checking whether make sets $(MAKE)
configure:2872: result: yes
configure:2901: checking whether make supports nested variables
configure:2918: result: yes
configure:3103: checking for g++
configure:3119: found /opt/local/bin/g++
configure:3130: result: g++
configure:3157: checking for C++ compiler version
configure:3166: g++ --version >&5
g++ (MacPorts gcc49 4.9.1_0) 4.9.1
Copyright (C) 2014 Free Software Foundation, Inc.
This is free software; see the source for copying conditions.  There is NO
warranty; not even for MERCHANTABILITY or FITNESS FOR A PARTICULAR PURPOSE.

configure:3177: $? = 0
configure:3166: g++ -v >&5
Using built-in specs.
COLLECT_GCC=g++
COLLECT_LTO_WRAPPER=/opt/local/libexec/gcc/x86_64-apple-darwin13/4.9.1/lto-wrapper
Target: x86_64-apple-darwin13
Configured with: /opt/local/var/macports/build/_opt_mports_dports_lang_gcc49/gcc49/work/gcc-4.9.1/configure --prefix=/opt/local --build=x86_64-apple-darwin13 --enable-languages=c,c++,objc,obj-c++,lto,fortran,java --libdir=/opt/local/lib/gcc49 --includedir=/opt/local/include/gcc49 --infodir=/opt/local/share/info --mandir=/opt/local/share/man --datarootdir=/opt/local/share/gcc-4.9 --with-local-prefix=/opt/local --with-system-zlib --disable-nls --program-suffix=-mp-4.9 --with-gxx-include-dir=/opt/local/include/gcc49/c++/ --with-gmp=/opt/local --with-mpfr=/opt/local --with-mpc=/opt/local --with-cloog=/opt/local --enable-cloog-backend=isl --disable-cloog-version-check --enable-stage1-checking --disable-multilib --enable-lto --enable-libstdcxx-time --with-as=/opt/local/bin/as --with-ld=/opt/local/bin/ld --with-ar=/opt/local/bin/ar --with-bugurl=https://trac.macports.org/newticket --with-pkgversion='MacPorts gcc49 4.9.1_0'
Thread model: posix
gcc version 4.9.1 (MacPorts gcc49 4.9.1_0) 
configure:3177: $? = 0
configure:3166: g++ -V >&5
g++: error: unrecognized command line option '-V'
g++: fatal error: no input files
compilation terminated.
configure:3177: $? = 1
configure:3166: g++ -qversion >&5
g++: error: unrecognized command line option '-qversion'
g++: fatal error: no input files
compilation terminated.
configure:3177: $? = 1
configure:3197: checking whether the C++ compiler works
configure:3219: g++  -I ~/local/include -L /Users/Kyle/local/lib conftest.cpp  >&5
configure:3223: $? = 0
configure:3271: result: yes
configure:3274: checking for C++ compiler default output file name
configure:3276: result: a.out
configure:3282: checking for suffix of executables
configure:3289: g++ -o conftest  -I ~/local/include -L /Users/Kyle/local/lib conftest.cpp  >&5
configure:3293: $? = 0
configure:3315: result: 
configure:3337: checking whether we are cross compiling
configure:3345: g++ -o conftest  -I ~/local/include -L /Users/Kyle/local/lib conftest.cpp  >&5
configure:3349: $? = 0
configure:3356: ./conftest
configure:3360: $? = 0
configure:3375: result: no
configure:3380: checking for suffix of object files
configure:3402: g++ -c  -I ~/local/include conftest.cpp >&5
configure:3406: $? = 0
configure:3427: result: o
configure:3431: checking whether we are using the GNU C++ compiler
configure:3450: g++ -c  -I ~/local/include conftest.cpp >&5
configure:3450: $? = 0
configure:3459: result: yes
configure:3468: checking whether g++ accepts -g
configure:3488: g++ -c -g -I ~/local/include conftest.cpp >&5
configure:3488: $? = 0
configure:3529: result: yes
configure:3563: checking for style of include used by make
configure:3591: result: GNU
configure:3617: checking dependency style of g++
configure:3728: result: gcc3
configure:3791: checking for gcc
configure:3807: found /opt/local/bin/gcc
configure:3818: result: gcc
configure:4047: checking for C compiler version
configure:4056: gcc --version >&5
gcc (MacPorts gcc49 4.9.1_0) 4.9.1
Copyright (C) 2014 Free Software Foundation, Inc.
This is free software; see the source for copying conditions.  There is NO
warranty; not even for MERCHANTABILITY or FITNESS FOR A PARTICULAR PURPOSE.

configure:4067: $? = 0
configure:4056: gcc -v >&5
Using built-in specs.
COLLECT_GCC=gcc
COLLECT_LTO_WRAPPER=/opt/local/libexec/gcc/x86_64-apple-darwin13/4.9.1/lto-wrapper
Target: x86_64-apple-darwin13
Configured with: /opt/local/var/macports/build/_opt_mports_dports_lang_gcc49/gcc49/work/gcc-4.9.1/configure --prefix=/opt/local --build=x86_64-apple-darwin13 --enable-languages=c,c++,objc,obj-c++,lto,fortran,java --libdir=/opt/local/lib/gcc49 --includedir=/opt/local/include/gcc49 --infodir=/opt/local/share/info --mandir=/opt/local/share/man --datarootdir=/opt/local/share/gcc-4.9 --with-local-prefix=/opt/local --with-system-zlib --disable-nls --program-suffix=-mp-4.9 --with-gxx-include-dir=/opt/local/include/gcc49/c++/ --with-gmp=/opt/local --with-mpfr=/opt/local --with-mpc=/opt/local --with-cloog=/opt/local --enable-cloog-backend=isl --disable-cloog-version-check --enable-stage1-checking --disable-multilib --enable-lto --enable-libstdcxx-time --with-as=/opt/local/bin/as --with-ld=/opt/local/bin/ld --with-ar=/opt/local/bin/ar --with-bugurl=https://trac.macports.org/newticket --with-pkgversion='MacPorts gcc49 4.9.1_0'
Thread model: posix
gcc version 4.9.1 (MacPorts gcc49 4.9.1_0) 
configure:4067: $? = 0
configure:4056: gcc -V >&5
gcc: error: unrecognized command line option '-V'
gcc: fatal error: no input files
compilation terminated.
configure:4067: $? = 1
configure:4056: gcc -qversion >&5
gcc: error: unrecognized command line option '-qversion'
gcc: fatal error: no input files
compilation terminated.
configure:4067: $? = 1
configure:4071: checking whether we are using the GNU C compiler
configure:4090: gcc -c  -I ~/local/include conftest.c >&5
configure:4090: $? = 0
configure:4099: result: yes
configure:4108: checking whether gcc accepts -g
configure:4128: gcc -c -g -I ~/local/include conftest.c >&5
configure:4128: $? = 0
configure:4169: result: yes
configure:4186: checking for gcc option to accept ISO C89
configure:4249: gcc  -c -g -O2 -I ~/local/include conftest.c >&5
configure:4249: $? = 0
configure:4262: result: none needed
configure:4287: checking whether gcc understands -c and -o together
configure:4309: gcc -c conftest.c -o conftest2.o
configure:4312: $? = 0
configure:4309: gcc -c conftest.c -o conftest2.o
configure:4312: $? = 0
configure:4324: result: yes
configure:4343: checking dependency style of gcc
configure:4454: result: gcc3
configure:4474: checking how to run the C preprocessor
configure:4505: gcc -E -I ~/local/include conftest.c
configure:4505: $? = 0
configure:4519: gcc -E -I ~/local/include conftest.c
conftest.c:11:28: fatal error: ac_nonexistent.h: No such file or directory
 #include <ac_nonexistent.h>
                            ^
compilation terminated.
configure:4519: $? = 1
configure: failed program was:
| /* confdefs.h */
| #define PACKAGE_NAME "o2scl"
| #define PACKAGE_TARNAME "o2scl"
| #define PACKAGE_VERSION "0.916"
| #define PACKAGE_STRING "o2scl 0.916"
| #define PACKAGE_BUGREPORT "awsteiner@users.sourceforge.net"
| #define PACKAGE_URL ""
| #define PACKAGE "o2scl"
| #define VERSION "0.916"
| /* end confdefs.h.  */
| #include <ac_nonexistent.h>
configure:4544: result: gcc -E
configure:4564: gcc -E -I ~/local/include conftest.c
configure:4564: $? = 0
configure:4578: gcc -E -I ~/local/include conftest.c
conftest.c:11:28: fatal error: ac_nonexistent.h: No such file or directory
 #include <ac_nonexistent.h>
                            ^
compilation terminated.
configure:4578: $? = 1
configure: failed program was:
| /* confdefs.h */
| #define PACKAGE_NAME "o2scl"
| #define PACKAGE_TARNAME "o2scl"
| #define PACKAGE_VERSION "0.916"
| #define PACKAGE_STRING "o2scl 0.916"
| #define PACKAGE_BUGREPORT "awsteiner@users.sourceforge.net"
| #define PACKAGE_URL ""
| #define PACKAGE "o2scl"
| #define VERSION "0.916"
| /* end confdefs.h.  */
| #include <ac_nonexistent.h>
configure:4607: checking whether ln -s works
configure:4611: result: yes
configure:4618: checking whether make sets $(MAKE)
configure:4640: result: yes
configure:4680: checking build system type
configure:4694: result: x86_64-apple-darwin13.3.0
configure:4714: checking host system type
configure:4727: result: x86_64-apple-darwin13.3.0
configure:4768: checking how to print strings
configure:4795: result: printf
configure:4816: checking for a sed that does not truncate output
configure:4880: result: /usr/bin/sed
configure:4898: checking for grep that handles long lines and -e
configure:4956: result: /usr/bin/grep
configure:4961: checking for egrep
configure:5023: result: /usr/bin/grep -E
configure:5028: checking for fgrep
configure:5090: result: /usr/bin/grep -F
configure:5125: checking for ld used by gcc
configure:5192: result: /opt/local/bin/ld
configure:5199: checking if the linker (/opt/local/bin/ld) is GNU ld
configure:5214: result: no
configure:5226: checking for BSD- or MS-compatible name lister (nm)
configure:5275: result: /opt/local/bin/nm
configure:5405: checking the name lister (/opt/local/bin/nm) interface
configure:5412: gcc -c -g -O2 -I ~/local/include conftest.c >&5
configure:5415: /opt/local/bin/nm "conftest.o"
configure:5418: output
0000000000000190 S _some_variable
configure:5425: result: BSD nm
configure:5429: checking the maximum length of command line arguments
configure:5559: result: 196608
configure:5576: checking whether the shell understands some XSI constructs
configure:5586: result: yes
configure:5590: checking whether the shell understands "+="
configure:5596: result: yes
configure:5631: checking how to convert x86_64-apple-darwin13.3.0 file names to x86_64-apple-darwin13.3.0 format
configure:5671: result: func_convert_file_noop
configure:5678: checking how to convert x86_64-apple-darwin13.3.0 file names to toolchain format
configure:5698: result: func_convert_file_noop
configure:5705: checking for /opt/local/bin/ld option to reload object files
configure:5712: result: -r
configure:5786: checking for objdump
configure:5816: result: no
configure:5845: checking how to recognize dependent libraries
configure:6047: result: pass_all
configure:6132: checking for dlltool
configure:6162: result: no
configure:6192: checking how to associate runtime and link libraries
configure:6219: result: printf %s\n
configure:6280: checking for ar
configure:6296: found /opt/local/bin/ar
configure:6307: result: ar
configure:6344: checking for archiver @FILE support
configure:6361: gcc -c -g -O2 -I ~/local/include conftest.c >&5
configure:6361: $? = 0
configure:6364: ar cru libconftest.a @conftest.lst >&5
ar: @conftest.lst: No such file or directory
configure:6367: $? = 1
configure:6387: result: no
configure:6445: checking for strip
configure:6461: found /opt/local/bin/strip
configure:6472: result: strip
configure:6544: checking for ranlib
configure:6560: found /opt/local/bin/ranlib
configure:6571: result: ranlib
configure:6673: checking command to parse /opt/local/bin/nm output from gcc object
configure:6793: gcc -c -g -O2 -I ~/local/include conftest.c >&5
configure:6796: $? = 0
configure:6800: /opt/local/bin/nm conftest.o \| sed -n -e 's/^.*[ ]\([BCDEGRST][BCDEGRST]*\)[ ][ ]*\([_A-Za-z][_A-Za-z0-9]*\)$/\1 \2 \2/p' | sed '/ __gnu_lto/d' \> conftest.nm
configure:6803: $? = 0
cannot find nm_test_var in conftest.nm
configure:6793: gcc -c -g -O2 -I ~/local/include conftest.c >&5
configure:6796: $? = 0
configure:6800: /opt/local/bin/nm conftest.o \| sed -n -e 's/^.*[ ]\([BCDEGRST][BCDEGRST]*\)[ ][ ]*_\([_A-Za-z][_A-Za-z0-9]*\)$/\1 _\2 \2/p' | sed '/ __gnu_lto/d' \> conftest.nm
configure:6803: $? = 0
configure:6869: gcc -o conftest -g -O2 -I ~/local/include -L /Users/Kyle/local/lib conftest.c conftstm.o >&5
configure:6872: $? = 0
configure:6910: result: ok
configure:6947: checking for sysroot
configure:6977: result: no
configure:7233: checking for mt
configure:7263: result: no
configure:7283: checking if : is a manifest tool
configure:7289: : '-?'
configure:7297: result: no
configure:7353: checking for dsymutil
configure:7369: found /usr/bin/dsymutil
configure:7380: result: dsymutil
configure:7445: checking for nmedit
configure:7461: found /opt/local/bin/nmedit
configure:7472: result: nmedit
configure:7537: checking for lipo
configure:7553: found /opt/local/bin/lipo
configure:7564: result: lipo
configure:7629: checking for otool
configure:7645: found /opt/local/bin/otool
configure:7656: result: otool
configure:7721: checking for otool64
configure:7751: result: no
configure:7796: checking for -single_module linker flag
gcc -g -O2 -L /Users/Kyle/local/lib -o libconftest.dylib -dynamiclib -Wl,-single_module conftest.c
configure:7829: result: yes
configure:7832: checking for -exported_symbols_list linker flag
configure:7852: gcc -o conftest -g -O2 -I ~/local/include -L /Users/Kyle/local/lib -Wl,-exported_symbols_list,conftest.sym conftest.c  >&5
configure:7852: $? = 0
configure:7862: result: yes
configure:7865: checking for -force_load linker flag
gcc -g -O2 -c -o conftest.o conftest.c
ar cru libconftest.a conftest.o
ranlib libconftest.a
gcc -g -O2 -L /Users/Kyle/local/lib -o conftest conftest.c -Wl,-force_load,./libconftest.a
configure:7897: result: yes
configure:7935: checking for ANSI C header files
configure:7955: gcc -c -g -O2 -I ~/local/include conftest.c >&5
configure:7955: $? = 0
configure:8028: gcc -o conftest -g -O2 -I ~/local/include -L /Users/Kyle/local/lib conftest.c  >&5
configure:8028: $? = 0
configure:8028: ./conftest
configure:8028: $? = 0
configure:8039: result: yes
configure:8052: checking for sys/types.h
configure:8052: gcc -c -g -O2 -I ~/local/include conftest.c >&5
configure:8052: $? = 0
configure:8052: result: yes
configure:8052: checking for sys/stat.h
configure:8052: gcc -c -g -O2 -I ~/local/include conftest.c >&5
configure:8052: $? = 0
configure:8052: result: yes
configure:8052: checking for stdlib.h
configure:8052: gcc -c -g -O2 -I ~/local/include conftest.c >&5
configure:8052: $? = 0
configure:8052: result: yes
configure:8052: checking for string.h
configure:8052: gcc -c -g -O2 -I ~/local/include conftest.c >&5
configure:8052: $? = 0
configure:8052: result: yes
configure:8052: checking for memory.h
configure:8052: gcc -c -g -O2 -I ~/local/include conftest.c >&5
configure:8052: $? = 0
configure:8052: result: yes
configure:8052: checking for strings.h
configure:8052: gcc -c -g -O2 -I ~/local/include conftest.c >&5
configure:8052: $? = 0
configure:8052: result: yes
configure:8052: checking for inttypes.h
configure:8052: gcc -c -g -O2 -I ~/local/include conftest.c >&5
configure:8052: $? = 0
configure:8052: result: yes
configure:8052: checking for stdint.h
configure:8052: gcc -c -g -O2 -I ~/local/include conftest.c >&5
configure:8052: $? = 0
configure:8052: result: yes
configure:8052: checking for unistd.h
configure:8052: gcc -c -g -O2 -I ~/local/include conftest.c >&5
configure:8052: $? = 0
configure:8052: result: yes
configure:8066: checking for dlfcn.h
configure:8066: gcc -c -g -O2 -I ~/local/include conftest.c >&5
configure:8066: $? = 0
configure:8066: result: yes
configure:8283: checking for objdir
configure:8298: result: .libs
configure:8569: checking if gcc supports -fno-rtti -fno-exceptions
configure:8587: gcc -c -g -O2 -I ~/local/include -fno-rtti -fno-exceptions conftest.c >&5
cc1: warning: command line option '-fno-rtti' is valid for C++/ObjC++ but not for C
configure:8591: $? = 0
configure:8604: result: no
configure:8931: checking for gcc option to produce PIC
configure:8938: result: -fno-common -DPIC
configure:8946: checking if gcc PIC flag -fno-common -DPIC works
configure:8964: gcc -c -g -O2 -I ~/local/include -fno-common -DPIC -DPIC conftest.c >&5
configure:8968: $? = 0
configure:8981: result: yes
configure:9010: checking if gcc static flag -static works
configure:9038: result: no
configure:9053: checking if gcc supports -c -o file.o
configure:9074: gcc -c -g -O2 -I ~/local/include -o out/conftest2.o conftest.c >&5
configure:9078: $? = 0
configure:9100: result: yes
configure:9108: checking if gcc supports -c -o file.o
configure:9155: result: yes
configure:9188: checking whether the gcc linker (/opt/local/bin/ld) supports shared libraries
configure:10341: result: yes
configure:10581: checking dynamic linker characteristics
configure:11314: result: darwin13.3.0 dyld
configure:11421: checking how to hardcode library paths into programs
configure:11446: result: immediate
configure:11986: checking whether stripping libraries is possible
configure:12000: result: yes
configure:12026: checking if libtool supports shared libraries
configure:12028: result: yes
configure:12031: checking whether to build shared libraries
configure:12052: result: yes
configure:12055: checking whether to build static libraries
configure:12059: result: yes
configure:12082: checking how to run the C++ preprocessor
configure:12109: g++ -E -I ~/local/include conftest.cpp
configure:12109: $? = 0
configure:12123: g++ -E -I ~/local/include conftest.cpp
conftest.cpp:23:28: fatal error: ac_nonexistent.h: No such file or directory
 #include <ac_nonexistent.h>
                            ^
compilation terminated.
configure:12123: $? = 1
configure: failed program was:
| /* confdefs.h */
| #define PACKAGE_NAME "o2scl"
| #define PACKAGE_TARNAME "o2scl"
| #define PACKAGE_VERSION "0.916"
| #define PACKAGE_STRING "o2scl 0.916"
| #define PACKAGE_BUGREPORT "awsteiner@users.sourceforge.net"
| #define PACKAGE_URL ""
| #define PACKAGE "o2scl"
| #define VERSION "0.916"
| #define STDC_HEADERS 1
| #define HAVE_SYS_TYPES_H 1
| #define HAVE_SYS_STAT_H 1
| #define HAVE_STDLIB_H 1
| #define HAVE_STRING_H 1
| #define HAVE_MEMORY_H 1
| #define HAVE_STRINGS_H 1
| #define HAVE_INTTYPES_H 1
| #define HAVE_STDINT_H 1
| #define HAVE_UNISTD_H 1
| #define HAVE_DLFCN_H 1
| #define LT_OBJDIR ".libs/"
| /* end confdefs.h.  */
| #include <ac_nonexistent.h>
configure:12148: result: g++ -E
configure:12168: g++ -E -I ~/local/include conftest.cpp
configure:12168: $? = 0
configure:12182: g++ -E -I ~/local/include conftest.cpp
conftest.cpp:23:28: fatal error: ac_nonexistent.h: No such file or directory
 #include <ac_nonexistent.h>
                            ^
compilation terminated.
configure:12182: $? = 1
configure: failed program was:
| /* confdefs.h */
| #define PACKAGE_NAME "o2scl"
| #define PACKAGE_TARNAME "o2scl"
| #define PACKAGE_VERSION "0.916"
| #define PACKAGE_STRING "o2scl 0.916"
| #define PACKAGE_BUGREPORT "awsteiner@users.sourceforge.net"
| #define PACKAGE_URL ""
| #define PACKAGE "o2scl"
| #define VERSION "0.916"
| #define STDC_HEADERS 1
| #define HAVE_SYS_TYPES_H 1
| #define HAVE_SYS_STAT_H 1
| #define HAVE_STDLIB_H 1
| #define HAVE_STRING_H 1
| #define HAVE_MEMORY_H 1
| #define HAVE_STRINGS_H 1
| #define HAVE_INTTYPES_H 1
| #define HAVE_STDINT_H 1
| #define HAVE_UNISTD_H 1
| #define HAVE_DLFCN_H 1
| #define LT_OBJDIR ".libs/"
| /* end confdefs.h.  */
| #include <ac_nonexistent.h>
configure:12351: checking for ld used by g++
configure:12418: result: /opt/local/bin/ld
configure:12425: checking if the linker (/opt/local/bin/ld) is GNU ld
configure:12440: result: no
configure:12495: checking whether the g++ linker (/opt/local/bin/ld) supports shared libraries
configure:13500: result: yes
configure:13536: g++ -c -g -O2 -I ~/local/include conftest.cpp >&5
configure:13539: $? = 0
configure:14059: checking for g++ option to produce PIC
configure:14066: result: -fno-common -DPIC
configure:14074: checking if g++ PIC flag -fno-common -DPIC works
configure:14092: g++ -c -g -O2 -I ~/local/include -fno-common -DPIC -DPIC conftest.cpp >&5
configure:14096: $? = 0
configure:14109: result: yes
configure:14132: checking if g++ static flag -static works
configure:14160: result: no
configure:14172: checking if g++ supports -c -o file.o
configure:14193: g++ -c -g -O2 -I ~/local/include -o out/conftest2.o conftest.cpp >&5
configure:14197: $? = 0
configure:14219: result: yes
configure:14224: checking if g++ supports -c -o file.o
configure:14271: result: yes
configure:14301: checking whether the g++ linker (/opt/local/bin/ld) supports shared libraries
configure:14337: result: yes
configure:14478: checking dynamic linker characteristics
configure:15145: result: darwin13.3.0 dyld
configure:15198: checking how to hardcode library paths into programs
configure:15223: result: immediate
configure:15286: checking for ANSI C header files
configure:15390: result: yes
configure:15401: checking malloc.h usability
configure:15401: gcc -c -g -O2 -I ~/local/include conftest.c >&5
conftest.c:57:20: fatal error: malloc.h: No such file or directory
 #include <malloc.h>
                    ^
compilation terminated.
configure:15401: $? = 1
configure: failed program was:
| /* confdefs.h */
| #define PACKAGE_NAME "o2scl"
| #define PACKAGE_TARNAME "o2scl"
| #define PACKAGE_VERSION "0.916"
| #define PACKAGE_STRING "o2scl 0.916"
| #define PACKAGE_BUGREPORT "awsteiner@users.sourceforge.net"
| #define PACKAGE_URL ""
| #define PACKAGE "o2scl"
| #define VERSION "0.916"
| #define STDC_HEADERS 1
| #define HAVE_SYS_TYPES_H 1
| #define HAVE_SYS_STAT_H 1
| #define HAVE_STDLIB_H 1
| #define HAVE_STRING_H 1
| #define HAVE_MEMORY_H 1
| #define HAVE_STRINGS_H 1
| #define HAVE_INTTYPES_H 1
| #define HAVE_STDINT_H 1
| #define HAVE_UNISTD_H 1
| #define HAVE_DLFCN_H 1
| #define LT_OBJDIR ".libs/"
| #define STDC_HEADERS 1
| /* end confdefs.h.  */
| #include <stdio.h>
| #ifdef HAVE_SYS_TYPES_H
| # include <sys/types.h>
| #endif
| #ifdef HAVE_SYS_STAT_H
| # include <sys/stat.h>
| #endif
| #ifdef STDC_HEADERS
| # include <stdlib.h>
| # include <stddef.h>
| #else
| # ifdef HAVE_STDLIB_H
| #  include <stdlib.h>
| # endif
| #endif
| #ifdef HAVE_STRING_H
| # if !defined STDC_HEADERS && defined HAVE_MEMORY_H
| #  include <memory.h>
| # endif
| # include <string.h>
| #endif
| #ifdef HAVE_STRINGS_H
| # include <strings.h>
| #endif
| #ifdef HAVE_INTTYPES_H
| # include <inttypes.h>
| #endif
| #ifdef HAVE_STDINT_H
| # include <stdint.h>
| #endif
| #ifdef HAVE_UNISTD_H
| # include <unistd.h>
| #endif
| #include <malloc.h>
configure:15401: result: no
configure:15401: checking malloc.h presence
configure:15401: gcc -E -I ~/local/include conftest.c
conftest.c:24:20: fatal error: malloc.h: No such file or directory
 #include <malloc.h>
                    ^
compilation terminated.
configure:15401: $? = 1
configure: failed program was:
| /* confdefs.h */
| #define PACKAGE_NAME "o2scl"
| #define PACKAGE_TARNAME "o2scl"
| #define PACKAGE_VERSION "0.916"
| #define PACKAGE_STRING "o2scl 0.916"
| #define PACKAGE_BUGREPORT "awsteiner@users.sourceforge.net"
| #define PACKAGE_URL ""
| #define PACKAGE "o2scl"
| #define VERSION "0.916"
| #define STDC_HEADERS 1
| #define HAVE_SYS_TYPES_H 1
| #define HAVE_SYS_STAT_H 1
| #define HAVE_STDLIB_H 1
| #define HAVE_STRING_H 1
| #define HAVE_MEMORY_H 1
| #define HAVE_STRINGS_H 1
| #define HAVE_INTTYPES_H 1
| #define HAVE_STDINT_H 1
| #define HAVE_UNISTD_H 1
| #define HAVE_DLFCN_H 1
| #define LT_OBJDIR ".libs/"
| #define STDC_HEADERS 1
| /* end confdefs.h.  */
| #include <malloc.h>
configure:15401: result: no
configure:15401: checking for malloc.h
configure:15401: result: no
configure:15401: checking for stdlib.h
configure:15401: result: yes
configure:15413: checking for stdbool.h that conforms to C99
configure:15480: gcc -c -g -O2 -I ~/local/include conftest.c >&5
configure:15480: $? = 0
configure:15487: result: yes
configure:15489: checking for _Bool
configure:15489: gcc -c -g -O2 -I ~/local/include conftest.c >&5
configure:15489: $? = 0
configure:15489: gcc -c -g -O2 -I ~/local/include conftest.c >&5
conftest.c: In function 'main':
conftest.c:61:20: error: expected expression before ')' token
 if (sizeof ((_Bool)))
                    ^
configure:15489: $? = 1
configure: failed program was:
| /* confdefs.h */
| #define PACKAGE_NAME "o2scl"
| #define PACKAGE_TARNAME "o2scl"
| #define PACKAGE_VERSION "0.916"
| #define PACKAGE_STRING "o2scl 0.916"
| #define PACKAGE_BUGREPORT "awsteiner@users.sourceforge.net"
| #define PACKAGE_URL ""
| #define PACKAGE "o2scl"
| #define VERSION "0.916"
| #define STDC_HEADERS 1
| #define HAVE_SYS_TYPES_H 1
| #define HAVE_SYS_STAT_H 1
| #define HAVE_STDLIB_H 1
| #define HAVE_STRING_H 1
| #define HAVE_MEMORY_H 1
| #define HAVE_STRINGS_H 1
| #define HAVE_INTTYPES_H 1
| #define HAVE_STDINT_H 1
| #define HAVE_UNISTD_H 1
| #define HAVE_DLFCN_H 1
| #define LT_OBJDIR ".libs/"
| #define STDC_HEADERS 1
| #define HAVE_STDLIB_H 1
| /* end confdefs.h.  */
| #include <stdio.h>
| #ifdef HAVE_SYS_TYPES_H
| # include <sys/types.h>
| #endif
| #ifdef HAVE_SYS_STAT_H
| # include <sys/stat.h>
| #endif
| #ifdef STDC_HEADERS
| # include <stdlib.h>
| # include <stddef.h>
| #else
| # ifdef HAVE_STDLIB_H
| #  include <stdlib.h>
| # endif
| #endif
| #ifdef HAVE_STRING_H
| # if !defined STDC_HEADERS && defined HAVE_MEMORY_H
| #  include <memory.h>
| # endif
| # include <string.h>
| #endif
| #ifdef HAVE_STRINGS_H
| # include <strings.h>
| #endif
| #ifdef HAVE_INTTYPES_H
| # include <inttypes.h>
| #endif
| #ifdef HAVE_STDINT_H
| # include <stdint.h>
| #endif
| #ifdef HAVE_UNISTD_H
| # include <unistd.h>
| #endif
| int
| main ()
| {
| if (sizeof ((_Bool)))
| 	    return 0;
|   ;
|   return 0;
| }
configure:15489: result: yes
configure:15506: checking for an ANSI C-conforming const
configure:15572: gcc -c -g -O2 -I ~/local/include conftest.c >&5
configure:15572: $? = 0
configure:15579: result: yes
configure:15587: checking for inline
configure:15603: gcc -c -g -O2 -I ~/local/include conftest.c >&5
configure:15603: $? = 0
configure:15611: result: inline
configure:15629: checking for size_t
configure:15629: gcc -c -g -O2 -I ~/local/include conftest.c >&5
configure:15629: $? = 0
configure:15629: gcc -c -g -O2 -I ~/local/include conftest.c >&5
conftest.c: In function 'main':
conftest.c:63:21: error: expected expression before ')' token
 if (sizeof ((size_t)))
                     ^
configure:15629: $? = 1
configure: failed program was:
| /* confdefs.h */
| #define PACKAGE_NAME "o2scl"
| #define PACKAGE_TARNAME "o2scl"
| #define PACKAGE_VERSION "0.916"
| #define PACKAGE_STRING "o2scl 0.916"
| #define PACKAGE_BUGREPORT "awsteiner@users.sourceforge.net"
| #define PACKAGE_URL ""
| #define PACKAGE "o2scl"
| #define VERSION "0.916"
| #define STDC_HEADERS 1
| #define HAVE_SYS_TYPES_H 1
| #define HAVE_SYS_STAT_H 1
| #define HAVE_STDLIB_H 1
| #define HAVE_STRING_H 1
| #define HAVE_MEMORY_H 1
| #define HAVE_STRINGS_H 1
| #define HAVE_INTTYPES_H 1
| #define HAVE_STDINT_H 1
| #define HAVE_UNISTD_H 1
| #define HAVE_DLFCN_H 1
| #define LT_OBJDIR ".libs/"
| #define STDC_HEADERS 1
| #define HAVE_STDLIB_H 1
| #define HAVE__BOOL 1
| #define HAVE_STDBOOL_H 1
| /* end confdefs.h.  */
| #include <stdio.h>
| #ifdef HAVE_SYS_TYPES_H
| # include <sys/types.h>
| #endif
| #ifdef HAVE_SYS_STAT_H
| # include <sys/stat.h>
| #endif
| #ifdef STDC_HEADERS
| # include <stdlib.h>
| # include <stddef.h>
| #else
| # ifdef HAVE_STDLIB_H
| #  include <stdlib.h>
| # endif
| #endif
| #ifdef HAVE_STRING_H
| # if !defined STDC_HEADERS && defined HAVE_MEMORY_H
| #  include <memory.h>
| # endif
| # include <string.h>
| #endif
| #ifdef HAVE_STRINGS_H
| # include <strings.h>
| #endif
| #ifdef HAVE_INTTYPES_H
| # include <inttypes.h>
| #endif
| #ifdef HAVE_STDINT_H
| # include <stdint.h>
| #endif
| #ifdef HAVE_UNISTD_H
| # include <unistd.h>
| #endif
| int
| main ()
| {
| if (sizeof ((size_t)))
| 	    return 0;
|   ;
|   return 0;
| }
configure:15629: result: yes
configure:15644: checking for stdlib.h
configure:15644: result: yes
configure:15654: checking for GNU libc compatible malloc
configure:15678: gcc -o conftest -g -O2 -I ~/local/include -L /Users/Kyle/local/lib conftest.c  >&5
configure:15678: $? = 0
configure:15678: ./conftest
configure:15678: $? = 0
configure:15688: result: yes
configure:15712: checking sys/select.h usability
configure:15712: gcc -c -g -O2 -I ~/local/include conftest.c >&5
configure:15712: $? = 0
configure:15712: result: yes
configure:15712: checking sys/select.h presence
configure:15712: gcc -E -I ~/local/include conftest.c
configure:15712: $? = 0
configure:15712: result: yes
configure:15712: checking for sys/select.h
configure:15712: result: yes
configure:15712: checking sys/socket.h usability
configure:15712: gcc -c -g -O2 -I ~/local/include conftest.c >&5
configure:15712: $? = 0
configure:15712: result: yes
configure:15712: checking sys/socket.h presence
configure:15712: gcc -E -I ~/local/include conftest.c
configure:15712: $? = 0
configure:15712: result: yes
configure:15712: checking for sys/socket.h
configure:15712: result: yes
configure:15722: checking types of arguments for select
configure:15750: gcc -c -g -O2 -I ~/local/include conftest.c >&5
configure:15750: $? = 0
configure:15761: result: int,fd_set *,struct timeval *
configure:15784: checking for working strtod
configure:15825: gcc -o conftest -g -O2 -I ~/local/include -L /Users/Kyle/local/lib conftest.c  >&5
configure:15825: $? = 0
configure:15825: ./conftest
configure:15825: $? = 0
configure:15835: result: yes
configure:15899: checking for popen
configure:15899: gcc -o conftest -g -O2 -I ~/local/include -L /Users/Kyle/local/lib conftest.c  >&5
configure:15899: $? = 0
configure:15899: result: yes
configure:15988: checking for cblas_dgemm in -lcblas
configure:16013: gcc -o conftest -g -O2 -I ~/local/include -L /Users/Kyle/local/lib conftest.c -lcblas -lm  >&5
configure:16013: $? = 0
configure:16022: result: yes
configure:16099: checking for gsl_vector_get in -lgsl
configure:16124: gcc -o conftest -g -O2 -I ~/local/include -L /Users/Kyle/local/lib conftest.c -lgsl -lm -lcblas  >&5
configure:16124: $? = 0
configure:16133: result: yes
configure:16211: checking for H5Fopen in -lhdf5
configure:16236: gcc -o conftest -g -O2 -I ~/local/include -L /Users/Kyle/local/lib conftest.c -lhdf5 -lm -lgsl -lcblas  >&5
ld: library not found for -lhdf5
collect2: error: ld returned 1 exit status
configure:16236: $? = 1
configure: failed program was:
| /* confdefs.h */
| #define PACKAGE_NAME "o2scl"
| #define PACKAGE_TARNAME "o2scl"
| #define PACKAGE_VERSION "0.916"
| #define PACKAGE_STRING "o2scl 0.916"
| #define PACKAGE_BUGREPORT "awsteiner@users.sourceforge.net"
| #define PACKAGE_URL ""
| #define PACKAGE "o2scl"
| #define VERSION "0.916"
| #define STDC_HEADERS 1
| #define HAVE_SYS_TYPES_H 1
| #define HAVE_SYS_STAT_H 1
| #define HAVE_STDLIB_H 1
| #define HAVE_STRING_H 1
| #define HAVE_MEMORY_H 1
| #define HAVE_STRINGS_H 1
| #define HAVE_INTTYPES_H 1
| #define HAVE_STDINT_H 1
| #define HAVE_UNISTD_H 1
| #define HAVE_DLFCN_H 1
| #define LT_OBJDIR ".libs/"
| #define STDC_HEADERS 1
| #define HAVE_STDLIB_H 1
| #define HAVE__BOOL 1
| #define HAVE_STDBOOL_H 1
| #define HAVE_STDLIB_H 1
| #define HAVE_MALLOC 1
| #define HAVE_SYS_SELECT_H 1
| #define HAVE_SYS_SOCKET_H 1
| #define SELECT_TYPE_ARG1 int
| #define SELECT_TYPE_ARG234 (fd_set *)
| #define SELECT_TYPE_ARG5 (struct timeval *)
| #define HAVE_POPEN 1
| #define HAVE_LIBCBLAS 1
| #define HAVE_LIBGSL 1
| /* end confdefs.h.  */
| 
| /* Override any GCC internal prototype to avoid an error.
|    Use char because int might match the return type of a GCC
|    builtin and then its argument prototype would still apply.  */
| #ifdef __cplusplus
| extern "C"
| #endif
| char H5Fopen ();
| int
| main ()
| {
| return H5Fopen ();
|   ;
|   return 0;
| }
configure:16245: result: no
configure:16270: checking for H5TBread_table in -lhdf5_hl
configure:16295: gcc -o conftest -g -O2 -I ~/local/include -L /Users/Kyle/local/lib conftest.c -lhdf5_hl -lm -lgsl -lcblas  >&5
ld: library not found for -lhdf5_hl
collect2: error: ld returned 1 exit status
configure:16295: $? = 1
configure: failed program was:
| /* confdefs.h */
| #define PACKAGE_NAME "o2scl"
| #define PACKAGE_TARNAME "o2scl"
| #define PACKAGE_VERSION "0.916"
| #define PACKAGE_STRING "o2scl 0.916"
| #define PACKAGE_BUGREPORT "awsteiner@users.sourceforge.net"
| #define PACKAGE_URL ""
| #define PACKAGE "o2scl"
| #define VERSION "0.916"
| #define STDC_HEADERS 1
| #define HAVE_SYS_TYPES_H 1
| #define HAVE_SYS_STAT_H 1
| #define HAVE_STDLIB_H 1
| #define HAVE_STRING_H 1
| #define HAVE_MEMORY_H 1
| #define HAVE_STRINGS_H 1
| #define HAVE_INTTYPES_H 1
| #define HAVE_STDINT_H 1
| #define HAVE_UNISTD_H 1
| #define HAVE_DLFCN_H 1
| #define LT_OBJDIR ".libs/"
| #define STDC_HEADERS 1
| #define HAVE_STDLIB_H 1
| #define HAVE__BOOL 1
| #define HAVE_STDBOOL_H 1
| #define HAVE_STDLIB_H 1
| #define HAVE_MALLOC 1
| #define HAVE_SYS_SELECT_H 1
| #define HAVE_SYS_SOCKET_H 1
| #define SELECT_TYPE_ARG1 int
| #define SELECT_TYPE_ARG234 (fd_set *)
| #define SELECT_TYPE_ARG5 (struct timeval *)
| #define HAVE_POPEN 1
| #define HAVE_LIBCBLAS 1
| #define HAVE_LIBGSL 1
| /* end confdefs.h.  */
| 
| /* Override any GCC internal prototype to avoid an error.
|    Use char because int might match the return type of a GCC
|    builtin and then its argument prototype would still apply.  */
| #ifdef __cplusplus
| extern "C"
| #endif
| char H5TBread_table ();
| int
| main ()
| {
| return H5TBread_table ();
|   ;
|   return 0;
| }
configure:16304: result: no
configure:16586: checking that generated files are newer than configure
configure:16592: result: done
configure:16655: creating ./config.status

## ---------------------- ##
## Running config.status. ##
## ---------------------- ##

This file was extended by o2scl config.status 0.916, which was
generated by GNU Autoconf 2.69.  Invocation command line was

  CONFIG_FILES    = 
  CONFIG_HEADERS  = 
  CONFIG_LINKS    = 
  CONFIG_COMMANDS = 
  $ ./config.status 

on ip0af513a0.int.uvm.edu

config.status:1227: creating Makefile
config.status:1227: creating src/Makefile
config.status:1227: creating src/anneal/Makefile
config.status:1227: creating src/fparser/Makefile
config.status:1227: creating src/base/Makefile
config.status:1227: creating src/base/arma/Makefile
config.status:1227: creating src/base/both/Makefile
config.status:1227: creating src/base/eigen/Makefile
config.status:1227: creating src/base/neither/Makefile
config.status:1227: creating src/boost/Makefile
config.status:1227: creating src/deriv/Makefile
config.status:1227: creating src/eos/Makefile
config.status:1227: creating src/fit/Makefile
config.status:1227: creating src/hdf/Makefile
config.status:1227: creating src/inte/Makefile
config.status:1227: creating src/linalg/Makefile
config.status:1227: creating src/linalg/neither/Makefile
config.status:1227: creating src/linalg/both/Makefile
config.status:1227: creating src/linalg/arma/Makefile
config.status:1227: creating src/linalg/eigen/Makefile
config.status:1227: creating src/mcarlo/Makefile
config.status:1227: creating src/min/Makefile
config.status:1227: creating src/nuclei/Makefile
config.status:1227: creating src/ode/Makefile
config.status:1227: creating src/other/Makefile
config.status:1227: creating src/internal/Makefile
config.status:1227: creating src/part/Makefile
config.status:1227: creating src/root/Makefile
config.status:1227: creating src/root/arma/Makefile
config.status:1227: creating src/root/both/Makefile
config.status:1227: creating src/root/eigen/Makefile
config.status:1227: creating src/root/neither/Makefile
config.status:1227: creating include/Makefile
config.status:1227: creating include/o2scl/Makefile
config.status:1227: creating data/Makefile
config.status:1227: creating data/o2scl/Makefile
config.status:1227: creating data/o2scl/nucmass/Makefile
config.status:1227: creating data/o2scl/rmfdata/Makefile
config.status:1227: creating data/o2scl/skdata/Makefile
config.status:1227: creating examples/Makefile
config.status:1227: creating examples/plot/Makefile
config.status:1227: creating doc/Makefile
config.status:1227: creating doc/o2scl/Makefile
config.status:1227: creating doc/o2scl/html/Makefile
config.status:1227: creating doc/o2scl/html/search/Makefile
config.status:1227: creating doc/o2scl/extras/Makefile
config.status:1227: creating doc/o2scl/eos/Makefile
config.status:1227: creating doc/o2scl/eos/html/Makefile
config.status:1227: creating doc/o2scl/eos/html/search/Makefile
config.status:1227: creating doc/o2scl/eos/extras/Makefile
config.status:1227: creating doc/o2scl/part/Makefile
config.status:1227: creating doc/o2scl/part/html/Makefile
config.status:1227: creating doc/o2scl/part/html/search/Makefile
config.status:1227: creating doc/o2scl/part/extras/Makefile
config.status:1227: creating config.h
config.status:1408: config.h is unchanged
config.status:1456: executing depfiles commands
config.status:1456: executing libtool commands

## ---------------- ##
## Cache variables. ##
## ---------------- ##

ac_cv_build=x86_64-apple-darwin13.3.0
ac_cv_c_compiler_gnu=yes
ac_cv_c_const=yes
ac_cv_c_inline=inline
ac_cv_cxx_compiler_gnu=yes
ac_cv_env_CCC_set=
ac_cv_env_CCC_value=
ac_cv_env_CC_set=
ac_cv_env_CC_value=
ac_cv_env_CFLAGS_set=
ac_cv_env_CFLAGS_value=
ac_cv_env_CPPFLAGS_set=set
ac_cv_env_CPPFLAGS_value='-I ~/local/include'
ac_cv_env_CPP_set=
ac_cv_env_CPP_value=
ac_cv_env_CXXCPP_set=
ac_cv_env_CXXCPP_value=
ac_cv_env_CXXFLAGS_set=
ac_cv_env_CXXFLAGS_value=
ac_cv_env_CXX_set=
ac_cv_env_CXX_value=
ac_cv_env_LDFLAGS_set=set
ac_cv_env_LDFLAGS_value='-L /Users/Kyle/local/lib'
ac_cv_env_LIBS_set=
ac_cv_env_LIBS_value=
ac_cv_env_build_alias_set=
ac_cv_env_build_alias_value=
ac_cv_env_host_alias_set=
ac_cv_env_host_alias_value=
ac_cv_env_target_alias_set=
ac_cv_env_target_alias_value=
ac_cv_func_malloc_0_nonnull=yes
ac_cv_func_popen=yes
ac_cv_func_select_args='int,fd_set *,struct timeval *'
ac_cv_func_strtod=yes
ac_cv_header_dlfcn_h=yes
ac_cv_header_inttypes_h=yes
ac_cv_header_malloc_h=no
ac_cv_header_memory_h=yes
ac_cv_header_stdbool_h=yes
ac_cv_header_stdc=yes
ac_cv_header_stdint_h=yes
ac_cv_header_stdlib_h=yes
ac_cv_header_string_h=yes
ac_cv_header_strings_h=yes
ac_cv_header_sys_select_h=yes
ac_cv_header_sys_socket_h=yes
ac_cv_header_sys_stat_h=yes
ac_cv_header_sys_types_h=yes
ac_cv_header_unistd_h=yes
ac_cv_host=x86_64-apple-darwin13.3.0
ac_cv_lib_cblas_cblas_dgemm=yes
ac_cv_lib_gsl_gsl_vector_get=yes
ac_cv_lib_hdf5_H5Fopen=no
ac_cv_lib_hdf5_hl_H5TBread_table=no
ac_cv_objext=o
ac_cv_path_EGREP='/usr/bin/grep -E'
ac_cv_path_FGREP='/usr/bin/grep -F'
ac_cv_path_GREP=/usr/bin/grep
ac_cv_path_SED=/usr/bin/sed
ac_cv_path_install='/usr/bin/install -c'
ac_cv_prog_AWK=awk
ac_cv_prog_CPP='gcc -E'
ac_cv_prog_CXXCPP='g++ -E'
ac_cv_prog_ac_ct_AR=ar
ac_cv_prog_ac_ct_CC=gcc
ac_cv_prog_ac_ct_CXX=g++
ac_cv_prog_ac_ct_DSYMUTIL=dsymutil
ac_cv_prog_ac_ct_LIPO=lipo
ac_cv_prog_ac_ct_NMEDIT=nmedit
ac_cv_prog_ac_ct_OTOOL=otool
ac_cv_prog_ac_ct_RANLIB=ranlib
ac_cv_prog_ac_ct_STRIP=strip
ac_cv_prog_cc_c89=
ac_cv_prog_cc_g=yes
ac_cv_prog_cxx_g=yes
ac_cv_prog_make_make_set=yes
ac_cv_type__Bool=yes
ac_cv_type_size_t=yes
am_cv_CC_dependencies_compiler_type=gcc3
am_cv_CXX_dependencies_compiler_type=gcc3
am_cv_make_support_nested_variables=yes
am_cv_prog_cc_c_o=yes
lt_cv_apple_cc_single_mod=yes
lt_cv_ar_at_file=no
lt_cv_deplibs_check_method=pass_all
lt_cv_file_magic_cmd='$MAGIC_CMD'
lt_cv_file_magic_test_file=
lt_cv_ld_exported_symbols_list=yes
lt_cv_ld_force_load=yes
lt_cv_ld_reload_flag=-r
lt_cv_nm_interface='BSD nm'
lt_cv_objdir=.libs
lt_cv_path_LD=/opt/local/bin/ld
lt_cv_path_LDCXX=/opt/local/bin/ld
lt_cv_path_NM=/opt/local/bin/nm
lt_cv_path_mainfest_tool=no
lt_cv_prog_compiler_c_o=yes
lt_cv_prog_compiler_c_o_CXX=yes
lt_cv_prog_compiler_pic='-fno-common -DPIC'
lt_cv_prog_compiler_pic_CXX='-fno-common -DPIC'
lt_cv_prog_compiler_pic_works=yes
lt_cv_prog_compiler_pic_works_CXX=yes
lt_cv_prog_compiler_rtti_exceptions=no
lt_cv_prog_compiler_static_works=no
lt_cv_prog_compiler_static_works_CXX=no
lt_cv_prog_gnu_ld=no
lt_cv_prog_gnu_ldcxx=no
lt_cv_sharedlib_from_linklib_cmd='printf %s\n'
lt_cv_sys_global_symbol_pipe='sed -n -e '\''s/^.*[	 ]\([BCDEGRST][BCDEGRST]*\)[	 ][	 ]*_\([_A-Za-z][_A-Za-z0-9]*\)$/\1 _\2 \2/p'\'' | sed '\''/ __gnu_lto/d'\'''
lt_cv_sys_global_symbol_to_c_name_address='sed -n -e '\''s/^: \([^ ]*\)[ ]*$/  {\"\1\", (void *) 0},/p'\'' -e '\''s/^[BCDEGRST]* \([^ ]*\) \([^ ]*\)$/  {"\2", (void *) \&\2},/p'\'''
lt_cv_sys_global_symbol_to_c_name_address_lib_prefix='sed -n -e '\''s/^: \([^ ]*\)[ ]*$/  {\"\1\", (void *) 0},/p'\'' -e '\''s/^[BCDEGRST]* \([^ ]*\) \(lib[^ ]*\)$/  {"\2", (void *) \&\2},/p'\'' -e '\''s/^[BCDEGRST]* \([^ ]*\) \([^ ]*\)$/  {"lib\2", (void *) \&\2},/p'\'''
lt_cv_sys_global_symbol_to_cdecl='sed -n -e '\''s/^T .* \(.*\)$/extern int \1();/p'\'' -e '\''s/^[BCDEGRST]* .* \(.*\)$/extern char \1;/p'\'''
lt_cv_sys_max_cmd_len=196608
lt_cv_to_host_file_cmd=func_convert_file_noop
lt_cv_to_tool_file_cmd=func_convert_file_noop

## ----------------- ##
## Output variables. ##
## ----------------- ##

ACLOCAL='${SHELL} /Users/Kyle/local/src/o2scl-0.916/missing aclocal-1.14'
AMDEPBACKSLASH='\'
AMDEP_FALSE='#'
AMDEP_TRUE=''
AMTAR='$${TAR-tar}'
AM_BACKSLASH='\'
AM_DEFAULT_V='$(AM_DEFAULT_VERBOSITY)'
AM_DEFAULT_VERBOSITY='1'
AM_V='$(V)'
AR='ar'
AUTOCONF='${SHELL} /Users/Kyle/local/src/o2scl-0.916/missing autoconf'
AUTOHEADER='${SHELL} /Users/Kyle/local/src/o2scl-0.916/missing autoheader'
AUTOMAKE='${SHELL} /Users/Kyle/local/src/o2scl-0.916/missing automake-1.14'
AWK='awk'
CC='gcc'
CCDEPMODE='depmode=gcc3'
CFLAGS='-g -O2'
CPP='gcc -E'
CPPFLAGS='-I ~/local/include'
CXX='g++'
CXXCPP='g++ -E'
CXXDEPMODE='depmode=gcc3'
CXXFLAGS='-g -O2'
CYGPATH_W='echo'
DEFS='-DHAVE_CONFIG_H'
DEPDIR='.deps'
DLLTOOL='false'
DSYMUTIL='dsymutil'
DUMPBIN=''
ECHO_C='\c'
ECHO_N=''
ECHO_T=''
EGREP='/usr/bin/grep -E'
EXEEXT=''
FGREP='/usr/bin/grep -F'
GREP='/usr/bin/grep'
INSTALL_DATA='${INSTALL} -m 644'
INSTALL_PROGRAM='${INSTALL}'
INSTALL_SCRIPT='${INSTALL}'
INSTALL_STRIP_PROGRAM='$(install_sh) -c -s'
LD='/opt/local/bin/ld'
LDFLAGS='-L /Users/Kyle/local/lib'
LIBOBJS=''
LIBS='-lgsl -lcblas '
LIBTOOL='$(SHELL) $(top_builddir)/libtool'
LIPO='lipo'
LN_S='ln -s'
LTLIBOBJS=''
MAKEINFO='${SHELL} /Users/Kyle/local/src/o2scl-0.916/missing makeinfo'
MANIFEST_TOOL=':'
MKDIR_P='./install-sh -c -d'
NM='/opt/local/bin/nm'
NMEDIT='nmedit'
O2SCL_ARMA_FALSE=''
O2SCL_ARMA_TRUE='#'
O2SCL_CPP11_FALSE='#'
O2SCL_CPP11_TRUE=''
O2SCL_EIGEN_FALSE=''
O2SCL_EIGEN_TRUE='#'
O2SCL_ENABLE_ACOL_FALSE='#'
O2SCL_ENABLE_ACOL_TRUE=''
O2SCL_EOSLIB_FALSE='#'
O2SCL_EOSLIB_TRUE=''
O2SCL_HDF_FALSE='#'
O2SCL_HDF_TRUE=''
O2SCL_OPENMP_FALSE=''
O2SCL_OPENMP_TRUE='#'
O2SCL_PARTLIB_FALSE='#'
O2SCL_PARTLIB_TRUE=''
O2SCL_READLINE_FALSE='#'
O2SCL_READLINE_TRUE=''
OBJDUMP='false'
OBJEXT='o'
OLIB_LT_VERSION='6:0:6'
OTOOL64=':'
OTOOL='otool'
PACKAGE='o2scl'
PACKAGE_BUGREPORT='awsteiner@users.sourceforge.net'
PACKAGE_NAME='o2scl'
PACKAGE_STRING='o2scl 0.916'
PACKAGE_TARNAME='o2scl'
PACKAGE_URL=''
PACKAGE_VERSION='0.916'
PATH_SEPARATOR=':'
POW_LIB=''
RANLIB='ranlib'
SED='/usr/bin/sed'
SET_MAKE=''
SHELL='/bin/sh'
STRIP='strip'
VERSION='0.916'
ac_ct_AR='ar'
ac_ct_CC='gcc'
ac_ct_CXX='g++'
ac_ct_DUMPBIN=''
am__EXEEXT_FALSE=''
am__EXEEXT_TRUE='#'
am__fastdepCC_FALSE='#'
am__fastdepCC_TRUE=''
am__fastdepCXX_FALSE='#'
am__fastdepCXX_TRUE=''
am__include='include'
am__isrc=''
am__leading_dot='.'
am__nodep='_no'
am__quote=''
am__tar='$${TAR-tar} chof - "$$tardir"'
am__untar='$${TAR-tar} xf -'
bindir='${exec_prefix}/bin'
build='x86_64-apple-darwin13.3.0'
build_alias=''
build_cpu='x86_64'
build_os='darwin13.3.0'
build_vendor='apple'
datadir='${datarootdir}'
datarootdir='${prefix}/share'
docdir='${datarootdir}/doc/${PACKAGE_TARNAME}'
dvidir='${docdir}'
exec_prefix='${prefix}'
host='x86_64-apple-darwin13.3.0'
host_alias=''
host_cpu='x86_64'
host_os='darwin13.3.0'
host_vendor='apple'
htmldir='${docdir}'
includedir='${prefix}/include'
infodir='${datarootdir}/info'
install_sh='${SHELL} /Users/Kyle/local/src/o2scl-0.916/install-sh'
libdir='${exec_prefix}/lib'
libexecdir='${exec_prefix}/libexec'
localedir='${datarootdir}/locale'
localstatedir='${prefix}/var'
mandir='${datarootdir}/man'
mkdir_p='$(MKDIR_P)'
oldincludedir='/usr/include'
pdfdir='${docdir}'
prefix='/Users/Kyle/local'
program_transform_name='s,x,x,'
psdir='${docdir}'
sbindir='${exec_prefix}/sbin'
sharedstatedir='${prefix}/com'
sysconfdir='${prefix}/etc'
target_alias=''

## ----------- ##
## confdefs.h. ##
## ----------- ##

/* confdefs.h */
#define PACKAGE_NAME "o2scl"
#define PACKAGE_TARNAME "o2scl"
#define PACKAGE_VERSION "0.916"
#define PACKAGE_STRING "o2scl 0.916"
#define PACKAGE_BUGREPORT "awsteiner@users.sourceforge.net"
#define PACKAGE_URL ""
#define PACKAGE "o2scl"
#define VERSION "0.916"
#define STDC_HEADERS 1
#define HAVE_SYS_TYPES_H 1
#define HAVE_SYS_STAT_H 1
#define HAVE_STDLIB_H 1
#define HAVE_STRING_H 1
#define HAVE_MEMORY_H 1
#define HAVE_STRINGS_H 1
#define HAVE_INTTYPES_H 1
#define HAVE_STDINT_H 1
#define HAVE_UNISTD_H 1
#define HAVE_DLFCN_H 1
#define LT_OBJDIR ".libs/"
#define STDC_HEADERS 1
#define HAVE_STDLIB_H 1
#define HAVE__BOOL 1
#define HAVE_STDBOOL_H 1
#define HAVE_STDLIB_H 1
#define HAVE_MALLOC 1
#define HAVE_SYS_SELECT_H 1
#define HAVE_SYS_SOCKET_H 1
#define SELECT_TYPE_ARG1 int
#define SELECT_TYPE_ARG234 (fd_set *)
#define SELECT_TYPE_ARG5 (struct timeval *)
#define HAVE_POPEN 1
#define HAVE_LIBCBLAS 1
#define HAVE_LIBGSL 1

configure: exit 0
