This file contains any messages produced by compilers while
running configure, to aid debugging if configure makes a mistake.

It was created by Cuba configure 4.0, which was
generated by GNU Autoconf 2.69.  Invocation command line was

  $ ./configure 

## --------- ##
## Platform. ##
## --------- ##

hostname = Kyles-MacBook-Pro-2.local
uname -m = x86_64
uname -r = 13.3.0
uname -s = Darwin
uname -v = Darwin Kernel Version 13.3.0: Tue Jun  3 21:27:35 PDT 2014; root:xnu-2422.110.17~1/RELEASE_X86_64

/usr/bin/uname -p = i386
/bin/uname -X     = unknown

/bin/arch              = unknown
/usr/bin/arch -k       = unknown
/usr/convex/getsysinfo = unknown
/usr/bin/hostinfo      = Mach kernel version:
	 Darwin Kernel Version 13.3.0: Tue Jun  3 21:27:35 PDT 2014; root:xnu-2422.110.17~1/RELEASE_X86_64
Kernel configured for up to 8 processors.
4 processors are physically available.
8 processors are logically available.
Processor type: i486 (Intel 80486)
Processors active: 0 1 2 3 4 5 6 7
Primary memory available: 16.00 gigabytes
Default processor set: 194 tasks, 1060 threads, 8 processors
Load average: 1.41, Mach factor: 6.58
/bin/machine           = unknown
/usr/bin/oslevel       = unknown
/bin/universe          = unknown

PATH: /usr/bin
PATH: /bin
PATH: /usr/sbin
PATH: /sbin
PATH: /usr/local/bin
PATH: /opt/X11/bin
PATH: /usr/texbin


## ----------- ##
## Core tests. ##
## ----------- ##

configure:2275: checking for gcc
configure:2291: found /usr/bin/gcc
configure:2302: result: gcc
configure:2531: checking for C compiler version
configure:2540: gcc --version >&5
Apple LLVM version 5.1 (clang-503.0.40) (based on LLVM 3.4svn)
Target: x86_64-apple-darwin13.3.0
Thread model: posix
Configured with: --prefix=/Applications/Xcode.app/Contents/Developer/usr --with-gxx-include-dir=/usr/include/c++/4.2.1
configure:2551: $? = 0
configure:2540: gcc -v >&5
Configured with: --prefix=/Applications/Xcode.app/Contents/Developer/usr --with-gxx-include-dir=/usr/include/c++/4.2.1
Apple LLVM version 5.1 (clang-503.0.40) (based on LLVM 3.4svn)
Target: x86_64-apple-darwin13.3.0
Thread model: posix
configure:2551: $? = 0
configure:2540: gcc -V >&5
clang: error: argument to '-V' is missing (expected 1 value)
clang: error: no input files
configure:2551: $? = 1
configure:2540: gcc -qversion >&5
clang: error: unknown argument: '-qversion' [-Wunused-command-line-argument-hard-error-in-future]
clang: note: this will be a hard error (cannot be downgraded to a warning) in the future
clang: error: no input files
configure:2551: $? = 1
configure:2571: checking whether the C compiler works
configure:2593: gcc    conftest.c -lm >&5
configure:2597: $? = 0
configure:2645: result: yes
configure:2648: checking for C compiler default output file name
configure:2650: result: a.out
configure:2656: checking for suffix of executables
configure:2663: gcc -o conftest    conftest.c -lm >&5
configure:2667: $? = 0
configure:2689: result: 
configure:2711: checking whether we are cross compiling
configure:2719: gcc -o conftest    conftest.c -lm >&5
configure:2723: $? = 0
configure:2730: ./conftest
configure:2734: $? = 0
configure:2749: result: no
configure:2754: checking for suffix of object files
configure:2776: gcc -c   conftest.c >&5
configure:2780: $? = 0
configure:2801: result: o
configure:2805: checking whether we are using the GNU C compiler
configure:2824: gcc -c   conftest.c >&5
configure:2824: $? = 0
configure:2833: result: yes
configure:2842: checking whether gcc accepts -g
configure:2862: gcc -c -g  conftest.c >&5
configure:2862: $? = 0
configure:2903: result: yes
configure:2920: checking for gcc option to accept ISO C89
configure:2983: gcc  -c -g -O2  conftest.c >&5
configure:2983: $? = 0
configure:2996: result: none needed
configure:3069: checking for g77
configure:3099: result: no
configure:3069: checking for xlf
configure:3099: result: no
configure:3069: checking for f77
configure:3099: result: no
configure:3069: checking for frt
configure:3099: result: no
configure:3069: checking for pgf77
configure:3099: result: no
configure:3069: checking for cf77
configure:3099: result: no
configure:3069: checking for fort77
configure:3099: result: no
configure:3069: checking for fl32
configure:3099: result: no
configure:3069: checking for af77
configure:3099: result: no
configure:3069: checking for xlf90
configure:3099: result: no
configure:3069: checking for f90
configure:3099: result: no
configure:3069: checking for pgf90
configure:3099: result: no
configure:3069: checking for pghpf
configure:3099: result: no
configure:3069: checking for epcf90
configure:3099: result: no
configure:3069: checking for gfortran
configure:3099: result: no
configure:3069: checking for g95
configure:3099: result: no
configure:3069: checking for xlf95
configure:3099: result: no
configure:3069: checking for f95
configure:3099: result: no
configure:3069: checking for fort
configure:3099: result: no
configure:3069: checking for ifort
configure:3099: result: no
configure:3069: checking for ifc
configure:3099: result: no
configure:3069: checking for efc
configure:3099: result: no
configure:3069: checking for pgfortran
configure:3099: result: no
configure:3069: checking for pgf95
configure:3099: result: no
configure:3069: checking for lf95
configure:3099: result: no
configure:3069: checking for ftn
configure:3099: result: no
configure:3069: checking for nagfor
configure:3099: result: no
configure:3122: checking for Fortran 77 compiler version
configure:3131:  --version >&5
./configure: line 3133: --version: command not found
configure:3142: $? = 127
configure:3131:  -v >&5
./configure: line 3133: -v: command not found
configure:3142: $? = 127
configure:3131:  -V >&5
./configure: line 3133: -V: command not found
configure:3142: $? = 127
configure:3131:  -qversion >&5
./configure: line 3133: -qversion: command not found
configure:3142: $? = 127
configure:3151: checking whether we are using the GNU Fortran 77 compiler
configure:3164:  -c  conftest.F >&5
./configure: line 1477: -c: command not found
configure:3164: $? = 127
configure: failed program was:
|       program main
| #ifndef __GNUC__
|        choke me
| #endif
| 
|       end
configure:3173: result: no
configure:3179: checking whether  accepts -g
configure:3190:  -c -g conftest.f >&5
./configure: line 1477: -c: command not found
configure:3190: $? = 127
configure: failed program was:
|       program main
| 
|       end
configure:3198: result: no
configure:3270: checking for ranlib
configure:3286: found /usr/bin/ranlib
configure:3297: result: ranlib
configure:3362: checking for a BSD-compatible install
configure:3430: result: /usr/bin/install -c
configure:3457: checking for an ANSI C-conforming const
configure:3523: gcc -c -O3 -fomit-frame-pointer -ffast-math -Wall  conftest.c >&5
configure:3523: $? = 0
configure:3530: result: yes
configure:3538: checking for inline
configure:3554: gcc -c -O3 -fomit-frame-pointer -ffast-math -Wall  conftest.c >&5
conftest.c:11:21: warning: unused function 'static_foo' [-Wunused-function]
static inline foo_t static_foo () {return 0; }
                    ^
1 warning generated.
configure:3554: $? = 0
configure:3562: result: inline
configure:3582: checking for long double with more range or precision than double
configure:3618: gcc -c -O3 -fomit-frame-pointer -ffast-math -Wall  conftest.c >&5
configure:3618: $? = 0
configure:3625: result: yes
configure:3646: checking how to run the C preprocessor
configure:3677: gcc -E  conftest.c
configure:3677: $? = 0
configure:3691: gcc -E  conftest.c
conftest.c:11:10: fatal error: 'ac_nonexistent.h' file not found
#include <ac_nonexistent.h>
         ^
1 error generated.
configure:3691: $? = 1
configure: failed program was:
| /* confdefs.h */
| #define PACKAGE_NAME "Cuba"
| #define PACKAGE_TARNAME "cuba"
| #define PACKAGE_VERSION "4.0"
| #define PACKAGE_STRING "Cuba 4.0"
| #define PACKAGE_BUGREPORT "hahn@feynarts.de"
| #define PACKAGE_URL ""
| #define HAVE_LONG_DOUBLE_WIDER 1
| #define HAVE_LONG_DOUBLE 1
| /* end confdefs.h.  */
| #include <ac_nonexistent.h>
configure:3716: result: gcc -E
configure:3736: gcc -E  conftest.c
configure:3736: $? = 0
configure:3750: gcc -E  conftest.c
conftest.c:11:10: fatal error: 'ac_nonexistent.h' file not found
#include <ac_nonexistent.h>
         ^
1 error generated.
configure:3750: $? = 1
configure: failed program was:
| /* confdefs.h */
| #define PACKAGE_NAME "Cuba"
| #define PACKAGE_TARNAME "cuba"
| #define PACKAGE_VERSION "4.0"
| #define PACKAGE_STRING "Cuba 4.0"
| #define PACKAGE_BUGREPORT "hahn@feynarts.de"
| #define PACKAGE_URL ""
| #define HAVE_LONG_DOUBLE_WIDER 1
| #define HAVE_LONG_DOUBLE 1
| /* end confdefs.h.  */
| #include <ac_nonexistent.h>
configure:3779: checking for grep that handles long lines and -e
configure:3837: result: /usr/bin/grep
configure:3842: checking for egrep
configure:3904: result: /usr/bin/grep -E
configure:3909: checking for ANSI C header files
configure:3929: gcc -c -O3 -fomit-frame-pointer -ffast-math -Wall  conftest.c >&5
configure:3929: $? = 0
configure:4002: gcc -o conftest -O3 -fomit-frame-pointer -ffast-math -Wall   conftest.c -lm >&5
configure:4002: $? = 0
configure:4002: ./conftest
configure:4002: $? = 0
configure:4013: result: yes
configure:4026: checking for sys/types.h
configure:4026: gcc -c -O3 -fomit-frame-pointer -ffast-math -Wall  conftest.c >&5
configure:4026: $? = 0
configure:4026: result: yes
configure:4026: checking for sys/stat.h
configure:4026: gcc -c -O3 -fomit-frame-pointer -ffast-math -Wall  conftest.c >&5
configure:4026: $? = 0
configure:4026: result: yes
configure:4026: checking for stdlib.h
configure:4026: gcc -c -O3 -fomit-frame-pointer -ffast-math -Wall  conftest.c >&5
configure:4026: $? = 0
configure:4026: result: yes
configure:4026: checking for string.h
configure:4026: gcc -c -O3 -fomit-frame-pointer -ffast-math -Wall  conftest.c >&5
configure:4026: $? = 0
configure:4026: result: yes
configure:4026: checking for memory.h
configure:4026: gcc -c -O3 -fomit-frame-pointer -ffast-math -Wall  conftest.c >&5
configure:4026: $? = 0
configure:4026: result: yes
configure:4026: checking for strings.h
configure:4026: gcc -c -O3 -fomit-frame-pointer -ffast-math -Wall  conftest.c >&5
configure:4026: $? = 0
configure:4026: result: yes
configure:4026: checking for inttypes.h
configure:4026: gcc -c -O3 -fomit-frame-pointer -ffast-math -Wall  conftest.c >&5
configure:4026: $? = 0
configure:4026: result: yes
configure:4026: checking for stdint.h
configure:4026: gcc -c -O3 -fomit-frame-pointer -ffast-math -Wall  conftest.c >&5
configure:4026: $? = 0
configure:4026: result: yes
configure:4026: checking for unistd.h
configure:4026: gcc -c -O3 -fomit-frame-pointer -ffast-math -Wall  conftest.c >&5
configure:4026: $? = 0
configure:4026: result: yes
configure:4038: checking for size_t
configure:4038: gcc -c -O3 -fomit-frame-pointer -ffast-math -Wall  conftest.c >&5
configure:4038: $? = 0
configure:4038: gcc -c -O3 -fomit-frame-pointer -ffast-math -Wall  conftest.c >&5
conftest.c:57:21: error: expected expression
if (sizeof ((size_t)))
                    ^
1 error generated.
configure:4038: $? = 1
configure: failed program was:
| /* confdefs.h */
| #define PACKAGE_NAME "Cuba"
| #define PACKAGE_TARNAME "cuba"
| #define PACKAGE_VERSION "4.0"
| #define PACKAGE_STRING "Cuba 4.0"
| #define PACKAGE_BUGREPORT "hahn@feynarts.de"
| #define PACKAGE_URL ""
| #define HAVE_LONG_DOUBLE_WIDER 1
| #define HAVE_LONG_DOUBLE 1
| #define STDC_HEADERS 1
| #define HAVE_SYS_TYPES_H 1
| #define HAVE_SYS_STAT_H 1
| #define HAVE_STDLIB_H 1
| #define HAVE_STRING_H 1
| #define HAVE_MEMORY_H 1
| #define HAVE_STRINGS_H 1
| #define HAVE_INTTYPES_H 1
| #define HAVE_STDINT_H 1
| #define HAVE_UNISTD_H 1
| /* end confdefs.h.  */
| #include <stdio.h>
| #ifdef HAVE_SYS_TYPES_H
| # include <sys/types.h>
| #endif
| #ifdef HAVE_SYS_STAT_H
| # include <sys/stat.h>
| #endif
| #ifdef STDC_HEADERS
| # include <stdlib.h>
| # include <stddef.h>
| #else
| # ifdef HAVE_STDLIB_H
| #  include <stdlib.h>
| # endif
| #endif
| #ifdef HAVE_STRING_H
| # if !defined STDC_HEADERS && defined HAVE_MEMORY_H
| #  include <memory.h>
| # endif
| # include <string.h>
| #endif
| #ifdef HAVE_STRINGS_H
| # include <strings.h>
| #endif
| #ifdef HAVE_INTTYPES_H
| # include <inttypes.h>
| #endif
| #ifdef HAVE_STDINT_H
| # include <stdint.h>
| #endif
| #ifdef HAVE_UNISTD_H
| # include <unistd.h>
| #endif
| int
| main ()
| {
| if (sizeof ((size_t)))
| 	    return 0;
|   ;
|   return 0;
| }
configure:4038: result: yes
configure:4049: checking for ssize_t
configure:4049: gcc -c -O3 -fomit-frame-pointer -ffast-math -Wall  conftest.c >&5
configure:4049: $? = 0
configure:4049: gcc -c -O3 -fomit-frame-pointer -ffast-math -Wall  conftest.c >&5
conftest.c:57:22: error: expected expression
if (sizeof ((ssize_t)))
                     ^
1 error generated.
configure:4049: $? = 1
configure: failed program was:
| /* confdefs.h */
| #define PACKAGE_NAME "Cuba"
| #define PACKAGE_TARNAME "cuba"
| #define PACKAGE_VERSION "4.0"
| #define PACKAGE_STRING "Cuba 4.0"
| #define PACKAGE_BUGREPORT "hahn@feynarts.de"
| #define PACKAGE_URL ""
| #define HAVE_LONG_DOUBLE_WIDER 1
| #define HAVE_LONG_DOUBLE 1
| #define STDC_HEADERS 1
| #define HAVE_SYS_TYPES_H 1
| #define HAVE_SYS_STAT_H 1
| #define HAVE_STDLIB_H 1
| #define HAVE_STRING_H 1
| #define HAVE_MEMORY_H 1
| #define HAVE_STRINGS_H 1
| #define HAVE_INTTYPES_H 1
| #define HAVE_STDINT_H 1
| #define HAVE_UNISTD_H 1
| /* end confdefs.h.  */
| #include <stdio.h>
| #ifdef HAVE_SYS_TYPES_H
| # include <sys/types.h>
| #endif
| #ifdef HAVE_SYS_STAT_H
| # include <sys/stat.h>
| #endif
| #ifdef STDC_HEADERS
| # include <stdlib.h>
| # include <stddef.h>
| #else
| # ifdef HAVE_STDLIB_H
| #  include <stdlib.h>
| # endif
| #endif
| #ifdef HAVE_STRING_H
| # if !defined STDC_HEADERS && defined HAVE_MEMORY_H
| #  include <memory.h>
| # endif
| # include <string.h>
| #endif
| #ifdef HAVE_STRINGS_H
| # include <strings.h>
| #endif
| #ifdef HAVE_INTTYPES_H
| # include <inttypes.h>
| #endif
| #ifdef HAVE_STDINT_H
| # include <stdint.h>
| #endif
| #ifdef HAVE_UNISTD_H
| # include <unistd.h>
| #endif
| int
| main ()
| {
| if (sizeof ((ssize_t)))
| 	    return 0;
|   ;
|   return 0;
| }
configure:4049: result: yes
configure:4060: checking for pid_t
configure:4060: gcc -c -O3 -fomit-frame-pointer -ffast-math -Wall  conftest.c >&5
configure:4060: $? = 0
configure:4060: gcc -c -O3 -fomit-frame-pointer -ffast-math -Wall  conftest.c >&5
conftest.c:57:20: error: expected expression
if (sizeof ((pid_t)))
                   ^
1 error generated.
configure:4060: $? = 1
configure: failed program was:
| /* confdefs.h */
| #define PACKAGE_NAME "Cuba"
| #define PACKAGE_TARNAME "cuba"
| #define PACKAGE_VERSION "4.0"
| #define PACKAGE_STRING "Cuba 4.0"
| #define PACKAGE_BUGREPORT "hahn@feynarts.de"
| #define PACKAGE_URL ""
| #define HAVE_LONG_DOUBLE_WIDER 1
| #define HAVE_LONG_DOUBLE 1
| #define STDC_HEADERS 1
| #define HAVE_SYS_TYPES_H 1
| #define HAVE_SYS_STAT_H 1
| #define HAVE_STDLIB_H 1
| #define HAVE_STRING_H 1
| #define HAVE_MEMORY_H 1
| #define HAVE_STRINGS_H 1
| #define HAVE_INTTYPES_H 1
| #define HAVE_STDINT_H 1
| #define HAVE_UNISTD_H 1
| /* end confdefs.h.  */
| #include <stdio.h>
| #ifdef HAVE_SYS_TYPES_H
| # include <sys/types.h>
| #endif
| #ifdef HAVE_SYS_STAT_H
| # include <sys/stat.h>
| #endif
| #ifdef STDC_HEADERS
| # include <stdlib.h>
| # include <stddef.h>
| #else
| # ifdef HAVE_STDLIB_H
| #  include <stdlib.h>
| # endif
| #endif
| #ifdef HAVE_STRING_H
| # if !defined STDC_HEADERS && defined HAVE_MEMORY_H
| #  include <memory.h>
| # endif
| # include <string.h>
| #endif
| #ifdef HAVE_STRINGS_H
| # include <strings.h>
| #endif
| #ifdef HAVE_INTTYPES_H
| # include <inttypes.h>
| #endif
| #ifdef HAVE_STDINT_H
| # include <stdint.h>
| #endif
| #ifdef HAVE_UNISTD_H
| # include <unistd.h>
| #endif
| int
| main ()
| {
| if (sizeof ((pid_t)))
| 	    return 0;
|   ;
|   return 0;
| }
configure:4060: result: yes
configure:4074: checking for powl
configure:4074: gcc -o conftest -O3 -fomit-frame-pointer -ffast-math -Wall   conftest.c -lm >&5
conftest.c:44:6: warning: incompatible redeclaration of library function 'powl' [-Wincompatible-library-redeclaration]
char powl ();
     ^
conftest.c:44:6: note: 'powl' is a builtin with type 'long double (long double, long double)'
1 warning generated.
configure:4074: $? = 0
configure:4074: result: yes
configure:4085: checking for erf
configure:4085: gcc -o conftest -O3 -fomit-frame-pointer -ffast-math -Wall   conftest.c -lm >&5
conftest.c:45:6: warning: incompatible redeclaration of library function 'erf' [-Wincompatible-library-redeclaration]
char erf ();
     ^
conftest.c:45:6: note: 'erf' is a builtin with type 'double (double)'
1 warning generated.
configure:4085: $? = 0
configure:4085: result: yes
configure:4096: checking vfork.h usability
configure:4096: gcc -c -O3 -fomit-frame-pointer -ffast-math -Wall  conftest.c >&5
conftest.c:56:10: fatal error: 'vfork.h' file not found
#include <vfork.h>
         ^
1 error generated.
configure:4096: $? = 1
configure: failed program was:
| /* confdefs.h */
| #define PACKAGE_NAME "Cuba"
| #define PACKAGE_TARNAME "cuba"
| #define PACKAGE_VERSION "4.0"
| #define PACKAGE_STRING "Cuba 4.0"
| #define PACKAGE_BUGREPORT "hahn@feynarts.de"
| #define PACKAGE_URL ""
| #define HAVE_LONG_DOUBLE_WIDER 1
| #define HAVE_LONG_DOUBLE 1
| #define STDC_HEADERS 1
| #define HAVE_SYS_TYPES_H 1
| #define HAVE_SYS_STAT_H 1
| #define HAVE_STDLIB_H 1
| #define HAVE_STRING_H 1
| #define HAVE_MEMORY_H 1
| #define HAVE_STRINGS_H 1
| #define HAVE_INTTYPES_H 1
| #define HAVE_STDINT_H 1
| #define HAVE_UNISTD_H 1
| #define HAVE_POWL 1
| #define HAVE_ERF 1
| /* end confdefs.h.  */
| #include <stdio.h>
| #ifdef HAVE_SYS_TYPES_H
| # include <sys/types.h>
| #endif
| #ifdef HAVE_SYS_STAT_H
| # include <sys/stat.h>
| #endif
| #ifdef STDC_HEADERS
| # include <stdlib.h>
| # include <stddef.h>
| #else
| # ifdef HAVE_STDLIB_H
| #  include <stdlib.h>
| # endif
| #endif
| #ifdef HAVE_STRING_H
| # if !defined STDC_HEADERS && defined HAVE_MEMORY_H
| #  include <memory.h>
| # endif
| # include <string.h>
| #endif
| #ifdef HAVE_STRINGS_H
| # include <strings.h>
| #endif
| #ifdef HAVE_INTTYPES_H
| # include <inttypes.h>
| #endif
| #ifdef HAVE_STDINT_H
| # include <stdint.h>
| #endif
| #ifdef HAVE_UNISTD_H
| # include <unistd.h>
| #endif
| #include <vfork.h>
configure:4096: result: no
configure:4096: checking vfork.h presence
configure:4096: gcc -E  conftest.c
conftest.c:23:10: fatal error: 'vfork.h' file not found
#include <vfork.h>
         ^
1 error generated.
configure:4096: $? = 1
configure: failed program was:
| /* confdefs.h */
| #define PACKAGE_NAME "Cuba"
| #define PACKAGE_TARNAME "cuba"
| #define PACKAGE_VERSION "4.0"
| #define PACKAGE_STRING "Cuba 4.0"
| #define PACKAGE_BUGREPORT "hahn@feynarts.de"
| #define PACKAGE_URL ""
| #define HAVE_LONG_DOUBLE_WIDER 1
| #define HAVE_LONG_DOUBLE 1
| #define STDC_HEADERS 1
| #define HAVE_SYS_TYPES_H 1
| #define HAVE_SYS_STAT_H 1
| #define HAVE_STDLIB_H 1
| #define HAVE_STRING_H 1
| #define HAVE_MEMORY_H 1
| #define HAVE_STRINGS_H 1
| #define HAVE_INTTYPES_H 1
| #define HAVE_STDINT_H 1
| #define HAVE_UNISTD_H 1
| #define HAVE_POWL 1
| #define HAVE_ERF 1
| /* end confdefs.h.  */
| #include <vfork.h>
configure:4096: result: no
configure:4096: checking for vfork.h
configure:4096: result: no
configure:4109: checking for fork
configure:4109: gcc -o conftest -O3 -fomit-frame-pointer -ffast-math -Wall   conftest.c -lm >&5
configure:4109: $? = 0
configure:4109: result: yes
configure:4109: checking for vfork
configure:4109: gcc -o conftest -O3 -fomit-frame-pointer -ffast-math -Wall   conftest.c -lm >&5
conftest.c:47:6: warning: incompatible redeclaration of library function 'vfork' [-Wincompatible-library-redeclaration]
char vfork ();
     ^
conftest.c:47:6: note: 'vfork' is a builtin with type 'int (void)'
1 warning generated.
configure:4109: $? = 0
configure:4109: result: yes
configure:4119: checking for working fork
configure:4141: gcc -o conftest -O3 -fomit-frame-pointer -ffast-math -Wall   conftest.c -lm >&5
configure:4141: $? = 0
configure:4141: ./conftest
configure:4141: $? = 0
configure:4151: result: yes
configure:4172: checking for working vfork
configure:4282: result: yes
configure:4309: checking for working alloca.h
configure:4326: gcc -o conftest -O3 -fomit-frame-pointer -ffast-math -Wall   conftest.c -lm >&5
configure:4326: $? = 0
configure:4334: result: yes
configure:4342: checking for alloca
configure:4379: gcc -o conftest -O3 -fomit-frame-pointer -ffast-math -Wall   conftest.c -lm >&5
configure:4379: $? = 0
configure:4387: result: yes
configure:4499: checking build system type
configure:4513: result: x86_64-apple-darwin13.3.0
configure:4533: checking host system type
configure:4546: result: x86_64-apple-darwin13.3.0
configure:4573: checking for shmget
configure:4573: gcc -o conftest -O3 -fomit-frame-pointer -ffast-math -Wall   conftest.c -lm >&5
configure:4573: $? = 0
configure:4573: result: yes
configure:4586: checking for getloadavg
configure:4586: gcc -o conftest -O3 -fomit-frame-pointer -ffast-math -Wall   conftest.c -lm >&5
configure:4586: $? = 0
configure:4586: result: yes
configure:4612: checking for variable-size arrays
configure:4618: gcc -c -O3 -fomit-frame-pointer -ffast-math -Wall  conftest.c >&5
configure:4618: $? = 0
configure:4619: result: yes
configure:4638: checking for MathLink
configure:4667: result: yes
configure:4681: checking for qmake
configure:4711: result: no
configure:4851: creating ./config.status

## ---------------------- ##
## Running config.status. ##
## ---------------------- ##

This file was extended by Cuba config.status 4.0, which was
generated by GNU Autoconf 2.69.  Invocation command line was

  CONFIG_FILES    = 
  CONFIG_HEADERS  = 
  CONFIG_LINKS    = 
  CONFIG_COMMANDS = 
  $ ./config.status 

on Kyles-MacBook-Pro-2.local

config.status:832: creating makefile
config.status:832: creating config.h
config.status:1007: config.h is unchanged

## ---------------- ##
## Cache variables. ##
## ---------------- ##

ac_cv_build=x86_64-apple-darwin13.3.0
ac_cv_c_compiler_gnu=yes
ac_cv_c_const=yes
ac_cv_c_inline=inline
ac_cv_c_long_double=yes
ac_cv_env_CC_set=
ac_cv_env_CC_value=
ac_cv_env_CFLAGS_set=
ac_cv_env_CFLAGS_value=
ac_cv_env_CPPFLAGS_set=
ac_cv_env_CPPFLAGS_value=
ac_cv_env_CPP_set=
ac_cv_env_CPP_value=
ac_cv_env_F77_set=
ac_cv_env_F77_value=
ac_cv_env_FFLAGS_set=
ac_cv_env_FFLAGS_value=
ac_cv_env_LDFLAGS_set=
ac_cv_env_LDFLAGS_value=
ac_cv_env_LIBS_set=
ac_cv_env_LIBS_value=
ac_cv_env_MCFLAGS_set=
ac_cv_env_MCFLAGS_value=
ac_cv_env_build_alias_set=
ac_cv_env_build_alias_value=
ac_cv_env_host_alias_set=
ac_cv_env_host_alias_value=
ac_cv_env_target_alias_set=
ac_cv_env_target_alias_value=
ac_cv_f77_compiler_gnu=no
ac_cv_func_alloca_works=yes
ac_cv_func_erf=yes
ac_cv_func_fork=yes
ac_cv_func_fork_works=yes
ac_cv_func_getloadavg=yes
ac_cv_func_powl=yes
ac_cv_func_shmget=yes
ac_cv_func_vfork=yes
ac_cv_func_vfork_works=yes
ac_cv_header_inttypes_h=yes
ac_cv_header_memory_h=yes
ac_cv_header_stdc=yes
ac_cv_header_stdint_h=yes
ac_cv_header_stdlib_h=yes
ac_cv_header_string_h=yes
ac_cv_header_strings_h=yes
ac_cv_header_sys_stat_h=yes
ac_cv_header_sys_types_h=yes
ac_cv_header_unistd_h=yes
ac_cv_header_vfork_h=no
ac_cv_host=x86_64-apple-darwin13.3.0
ac_cv_objext=o
ac_cv_path_EGREP='/usr/bin/grep -E'
ac_cv_path_GREP=/usr/bin/grep
ac_cv_path_install='/usr/bin/install -c'
ac_cv_prog_CPP='gcc -E'
ac_cv_prog_ac_ct_CC=gcc
ac_cv_prog_ac_ct_RANLIB=ranlib
ac_cv_prog_cc_c89=
ac_cv_prog_cc_g=yes
ac_cv_prog_f77_g=no
ac_cv_type_long_double_wider=yes
ac_cv_type_pid_t=yes
ac_cv_type_size_t=yes
ac_cv_type_ssize_t=yes
ac_cv_working_alloca_h=yes

## ----------------- ##
## Output variables. ##
## ----------------- ##

ALLOCA=''
CC='gcc'
CFLAGS='-O3 -fomit-frame-pointer -ffast-math -Wall'
CPP='gcc -E'
CPPFLAGS=''
DEFS='-DHAVE_CONFIG_H'
DEMO_FORTRAN_DEFAULT=''
ECHO_C='\c'
ECHO_N=''
ECHO_T=''
EGREP='/usr/bin/grep -E'
EXEEXT=''
F77=''
FFLAGS=''
GREP='/usr/bin/grep'
HAVE_QMAKE=''
INSTALL_DATA='${INSTALL} -m 644'
INSTALL_PROGRAM='${INSTALL}'
INSTALL_SCRIPT='${INSTALL}'
LDFLAGS=''
LIBOBJS=''
LIBS='-lm'
LTLIBOBJS=''
MATH_DEFAULT='math'
MCFLAGS=''
MCSTDLIB=''
OBJEXT='o'
PACKAGE_BUGREPORT='hahn@feynarts.de'
PACKAGE_NAME='Cuba'
PACKAGE_STRING='Cuba 4.0'
PACKAGE_TARNAME='cuba'
PACKAGE_URL=''
PACKAGE_VERSION='4.0'
PATH_SEPARATOR=':'
RANLIB='ranlib'
SHELL='/bin/sh'
TOOLS_DEFAULT=''
ac_ct_CC='gcc'
ac_ct_F77=''
bindir='${exec_prefix}/bin'
build='x86_64-apple-darwin13.3.0'
build_alias=''
build_cpu='x86_64'
build_os='darwin13.3.0'
build_vendor='apple'
datadir='${datarootdir}'
datarootdir='${prefix}/share'
docdir='${datarootdir}/doc/${PACKAGE_TARNAME}'
dvidir='${docdir}'
exec_prefix='${prefix}'
host='x86_64-apple-darwin13.3.0'
host_alias=''
host_cpu='x86_64'
host_os='darwin13.3.0'
host_vendor='apple'
htmldir='${docdir}'
includedir='${prefix}/include'
infodir='${datarootdir}/info'
libdir='${exec_prefix}/lib'
libexecdir='${exec_prefix}/libexec'
localedir='${datarootdir}/locale'
localstatedir='${prefix}/var'
mandir='${datarootdir}/man'
oldincludedir='/usr/include'
pdfdir='${docdir}'
prefix='/usr/local'
program_transform_name='s,x,x,'
psdir='${docdir}'
sbindir='${exec_prefix}/sbin'
sharedstatedir='${prefix}/com'
sysconfdir='${prefix}/etc'
target_alias=''

## ----------- ##
## confdefs.h. ##
## ----------- ##

/* confdefs.h */
#define PACKAGE_NAME "Cuba"
#define PACKAGE_TARNAME "cuba"
#define PACKAGE_VERSION "4.0"
#define PACKAGE_STRING "Cuba 4.0"
#define PACKAGE_BUGREPORT "hahn@feynarts.de"
#define PACKAGE_URL ""
#define HAVE_LONG_DOUBLE_WIDER 1
#define HAVE_LONG_DOUBLE 1
#define STDC_HEADERS 1
#define HAVE_SYS_TYPES_H 1
#define HAVE_SYS_STAT_H 1
#define HAVE_STDLIB_H 1
#define HAVE_STRING_H 1
#define HAVE_MEMORY_H 1
#define HAVE_STRINGS_H 1
#define HAVE_INTTYPES_H 1
#define HAVE_STDINT_H 1
#define HAVE_UNISTD_H 1
#define HAVE_POWL 1
#define HAVE_ERF 1
#define HAVE_FORK 1
#define HAVE_VFORK 1
#define HAVE_WORKING_VFORK 1
#define HAVE_WORKING_FORK 1
#define HAVE_ALLOCA_H 1
#define HAVE_ALLOCA 1
#define HAVE_SHMGET 1
#define HAVE_GETLOADAVG 1

configure: exit 0
